[1.764s] Invoking command in '/home/ubb/Downloads/ros2_ws_final/ros2_ws/src/3dof': PYTHONPATH=/home/ubb/Downloads/ros2_ws_final/ros2_ws/build/3dof/prefix_override:/usr/lib/python3/dist-packages/colcon_core/task/python/colcon_distutils_commands:/home/ubb/Downloads/ros2_ws_final/ros2_ws/install/3dof/lib/python3.10/site-packages:${PYTHONPATH} /usr/bin/python3 -W ignore:setup.py install is deprecated setup.py egg_info --egg-base ../../build/3dof build --build-base /home/ubb/Downloads/ros2_ws_final/ros2_ws/build/3dof/build install --record /home/ubb/Downloads/ros2_ws_final/ros2_ws/build/3dof/install.log --single-version-externally-managed install_data
[2.387s] running egg_info
[2.389s] writing ../../build/3dof/3dof.egg-info/PKG-INFO
[2.392s] writing dependency_links to ../../build/3dof/3dof.egg-info/dependency_links.txt
[2.394s] writing entry points to ../../build/3dof/3dof.egg-info/entry_points.txt
[2.396s] writing requirements to ../../build/3dof/3dof.egg-info/requires.txt
[2.399s] writing top-level names to ../../build/3dof/3dof.egg-info/top_level.txt
[2.404s] reading manifest file '../../build/3dof/3dof.egg-info/SOURCES.txt'
[2.407s] writing manifest file '../../build/3dof/3dof.egg-info/SOURCES.txt'
[2.409s] running build
[2.412s] running build_py
[2.414s] running install
[2.415s] running install_lib
[2.419s] running install_data
[2.421s] copying launch/gazebo.launch.py -> /home/ubb/Downloads/ros2_ws_final/ros2_ws/install/3dof/share/3dof/launch/
[2.423s] running install_egg_info
[2.427s] removing '/home/ubb/Downloads/ros2_ws_final/ros2_ws/install/3dof/lib/python3.10/site-packages/3dof-0.0.0-py3.10.egg-info' (and everything under it)
[2.443s] Copying ../../build/3dof/3dof.egg-info to /home/ubb/Downloads/ros2_ws_final/ros2_ws/install/3dof/lib/python3.10/site-packages/3dof-0.0.0-py3.10.egg-info
[2.443s] running install_scripts
[2.500s] Installing operacion script to /home/ubb/Downloads/ros2_ws_final/ros2_ws/install/3dof/lib/3dof
[2.503s] writing list of installed files to '/home/ubb/Downloads/ros2_ws_final/ros2_ws/build/3dof/install.log'
[2.553s] Invoked command in '/home/ubb/Downloads/ros2_ws_final/ros2_ws/src/3dof' returned '0': PYTHONPATH=/home/ubb/Downloads/ros2_ws_final/ros2_ws/build/3dof/prefix_override:/usr/lib/python3/dist-packages/colcon_core/task/python/colcon_distutils_commands:/home/ubb/Downloads/ros2_ws_final/ros2_ws/install/3dof/lib/python3.10/site-packages:${PYTHONPATH} /usr/bin/python3 -W ignore:setup.py install is deprecated setup.py egg_info --egg-base ../../build/3dof build --build-base /home/ubb/Downloads/ros2_ws_final/ros2_ws/build/3dof/build install --record /home/ubb/Downloads/ros2_ws_final/ros2_ws/build/3dof/install.log --single-version-externally-managed install_data
