[2.572s] Invoking command in '/home/ubb/Downloads/ros2_ws_final/ros2_ws/src/3dof': PYTHONPATH=/home/ubb/Downloads/ros2_ws_final/ros2_ws/build/3dof/prefix_override:/usr/lib/python3/dist-packages/colcon_core/task/python/colcon_distutils_commands:/home/ubb/Downloads/ros2_ws_final/ros2_ws/install/3dof/lib/python3.10/site-packages:${PYTHONPATH} /usr/bin/python3 -W ignore:setup.py install is deprecated setup.py egg_info --egg-base ../../build/3dof build --build-base /home/ubb/Downloads/ros2_ws_final/ros2_ws/build/3dof/build install --record /home/ubb/Downloads/ros2_ws_final/ros2_ws/build/3dof/install.log --single-version-externally-managed install_data
[3.385s] running egg_info
[3.387s] writing ../../build/3dof/3dof.egg-info/PKG-INFO
[3.389s] writing dependency_links to ../../build/3dof/3dof.egg-info/dependency_links.txt
[3.392s] writing entry points to ../../build/3dof/3dof.egg-info/entry_points.txt
[3.395s] writing requirements to ../../build/3dof/3dof.egg-info/requires.txt
[3.396s] writing top-level names to ../../build/3dof/3dof.egg-info/top_level.txt
[3.402s] reading manifest file '../../build/3dof/3dof.egg-info/SOURCES.txt'
[3.406s] writing manifest file '../../build/3dof/3dof.egg-info/SOURCES.txt'
[3.407s] running build
[3.408s] running build_py
[3.410s] running install
[3.412s] running install_lib
[3.415s] running install_data
[3.417s] copying launch/gazebo.launch.py -> /home/ubb/Downloads/ros2_ws_final/ros2_ws/install/3dof/share/3dof/launch/
[3.419s] running install_egg_info
[3.423s] removing '/home/ubb/Downloads/ros2_ws_final/ros2_ws/install/3dof/lib/python3.10/site-packages/3dof-0.0.0-py3.10.egg-info' (and everything under it)
[3.431s] Copying ../../build/3dof/3dof.egg-info to /home/ubb/Downloads/ros2_ws_final/ros2_ws/install/3dof/lib/python3.10/site-packages/3dof-0.0.0-py3.10.egg-info
[3.434s] running install_scripts
[3.477s] Installing operacion script to /home/ubb/Downloads/ros2_ws_final/ros2_ws/install/3dof/lib/3dof
[3.479s] writing list of installed files to '/home/ubb/Downloads/ros2_ws_final/ros2_ws/build/3dof/install.log'
[3.551s] Invoked command in '/home/ubb/Downloads/ros2_ws_final/ros2_ws/src/3dof' returned '0': PYTHONPATH=/home/ubb/Downloads/ros2_ws_final/ros2_ws/build/3dof/prefix_override:/usr/lib/python3/dist-packages/colcon_core/task/python/colcon_distutils_commands:/home/ubb/Downloads/ros2_ws_final/ros2_ws/install/3dof/lib/python3.10/site-packages:${PYTHONPATH} /usr/bin/python3 -W ignore:setup.py install is deprecated setup.py egg_info --egg-base ../../build/3dof build --build-base /home/ubb/Downloads/ros2_ws_final/ros2_ws/build/3dof/build install --record /home/ubb/Downloads/ros2_ws_final/ros2_ws/build/3dof/install.log --single-version-externally-managed install_data
