[0.446s] DEBUG:colcon:Command line arguments: ['/usr/bin/colcon', 'build']
[0.446s] DEBUG:colcon:Parsed command line arguments: Namespace(log_base=None, log_level=None, verb_name='build', build_base='build', install_base='install', merge_install=False, symlink_install=False, test_result_base=None, continue_on_error=False, executor='parallel', parallel_workers=1, event_handlers=None, ignore_user_meta=False, metas=['./colcon.meta'], base_paths=['.'], packages_ignore=None, packages_ignore_regex=None, paths=None, packages_up_to=None, packages_up_to_regex=None, packages_above=None, packages_above_and_dependencies=None, packages_above_depth=None, packages_select_by_dep=None, packages_skip_by_dep=None, packages_skip_up_to=None, packages_select_build_failed=False, packages_skip_build_finished=False, packages_select_test_failures=False, packages_skip_test_passed=False, packages_select=None, packages_skip=None, packages_select_regex=None, packages_skip_regex=None, packages_start=None, packages_end=None, allow_overriding=[], cmake_args=None, cmake_target=None, cmake_target_skip_unavailable=False, cmake_clean_cache=False, cmake_clean_first=False, cmake_force_configure=False, ament_cmake_args=None, catkin_cmake_args=None, catkin_skip_building_tests=False, mixin_files=None, mixin=None, verb_parser=<colcon_mixin.mixin.mixin_argument.MixinArgumentDecorator object at 0x795c5cd01d80>, verb_extension=<colcon_core.verb.build.BuildVerb object at 0x795c5ce6e170>, main=<bound method BuildVerb.main of <colcon_core.verb.build.BuildVerb object at 0x795c5ce6e170>>, mixin_verb=('build',))
[0.840s] Level 1:colcon.colcon_core.package_discovery:discover_packages(colcon_meta) check parameters
[0.840s] Level 1:colcon.colcon_core.package_discovery:discover_packages(recursive) check parameters
[0.840s] Level 1:colcon.colcon_core.package_discovery:discover_packages(ignore) check parameters
[0.840s] Level 1:colcon.colcon_core.package_discovery:discover_packages(path) check parameters
[0.840s] Level 1:colcon.colcon_core.package_discovery:discover_packages(colcon_meta) discover
[0.840s] Level 1:colcon.colcon_core.package_discovery:discover_packages(recursive) discover
[0.841s] INFO:colcon.colcon_core.package_discovery:Crawling recursively for packages in '/home/ubb/Downloads/ros2_ws_final/ros2_ws'
[0.841s] Level 1:colcon.colcon_core.package_identification:_identify(.) by extensions ['ignore', 'ignore_ament_install']
[0.841s] Level 1:colcon.colcon_core.package_identification:_identify(.) by extension 'ignore'
[0.841s] Level 1:colcon.colcon_core.package_identification:_identify(.) by extension 'ignore_ament_install'
[0.841s] Level 1:colcon.colcon_core.package_identification:_identify(.) by extensions ['colcon_pkg']
[0.841s] Level 1:colcon.colcon_core.package_identification:_identify(.) by extension 'colcon_pkg'
[0.841s] Level 1:colcon.colcon_core.package_identification:_identify(.) by extensions ['colcon_meta']
[0.841s] Level 1:colcon.colcon_core.package_identification:_identify(.) by extension 'colcon_meta'
[0.841s] Level 1:colcon.colcon_core.package_identification:_identify(.) by extensions ['ros']
[0.841s] Level 1:colcon.colcon_core.package_identification:_identify(.) by extension 'ros'
[0.866s] Level 1:colcon.colcon_core.package_identification:_identify(.) by extensions ['cmake', 'python']
[0.866s] Level 1:colcon.colcon_core.package_identification:_identify(.) by extension 'cmake'
[0.866s] Level 1:colcon.colcon_core.package_identification:_identify(.) by extension 'python'
[0.866s] Level 1:colcon.colcon_core.package_identification:_identify(.) by extensions ['python_setup_py']
[0.866s] Level 1:colcon.colcon_core.package_identification:_identify(.) by extension 'python_setup_py'
[0.866s] Level 1:colcon.colcon_core.package_identification:_identify(build) by extensions ['ignore', 'ignore_ament_install']
[0.867s] Level 1:colcon.colcon_core.package_identification:_identify(build) by extension 'ignore'
[0.867s] Level 1:colcon.colcon_core.package_identification:_identify(build) ignored
[0.867s] Level 1:colcon.colcon_core.package_identification:_identify(install) by extensions ['ignore', 'ignore_ament_install']
[0.867s] Level 1:colcon.colcon_core.package_identification:_identify(install) by extension 'ignore'
[0.867s] Level 1:colcon.colcon_core.package_identification:_identify(install) ignored
[0.868s] Level 1:colcon.colcon_core.package_identification:_identify(log) by extensions ['ignore', 'ignore_ament_install']
[0.868s] Level 1:colcon.colcon_core.package_identification:_identify(log) by extension 'ignore'
[0.868s] Level 1:colcon.colcon_core.package_identification:_identify(log) ignored
[0.868s] Level 1:colcon.colcon_core.package_identification:_identify(src) by extensions ['ignore', 'ignore_ament_install']
[0.868s] Level 1:colcon.colcon_core.package_identification:_identify(src) by extension 'ignore'
[0.868s] Level 1:colcon.colcon_core.package_identification:_identify(src) by extension 'ignore_ament_install'
[0.868s] Level 1:colcon.colcon_core.package_identification:_identify(src) by extensions ['colcon_pkg']
[0.868s] Level 1:colcon.colcon_core.package_identification:_identify(src) by extension 'colcon_pkg'
[0.868s] Level 1:colcon.colcon_core.package_identification:_identify(src) by extensions ['colcon_meta']
[0.868s] Level 1:colcon.colcon_core.package_identification:_identify(src) by extension 'colcon_meta'
[0.868s] Level 1:colcon.colcon_core.package_identification:_identify(src) by extensions ['ros']
[0.869s] Level 1:colcon.colcon_core.package_identification:_identify(src) by extension 'ros'
[0.869s] Level 1:colcon.colcon_core.package_identification:_identify(src) by extensions ['cmake', 'python']
[0.869s] Level 1:colcon.colcon_core.package_identification:_identify(src) by extension 'cmake'
[0.869s] Level 1:colcon.colcon_core.package_identification:_identify(src) by extension 'python'
[0.869s] Level 1:colcon.colcon_core.package_identification:_identify(src) by extensions ['python_setup_py']
[0.869s] Level 1:colcon.colcon_core.package_identification:_identify(src) by extension 'python_setup_py'
[0.869s] Level 1:colcon.colcon_core.package_identification:_identify(src/3dof) by extensions ['ignore', 'ignore_ament_install']
[0.869s] Level 1:colcon.colcon_core.package_identification:_identify(src/3dof) by extension 'ignore'
[0.869s] Level 1:colcon.colcon_core.package_identification:_identify(src/3dof) by extension 'ignore_ament_install'
[0.869s] Level 1:colcon.colcon_core.package_identification:_identify(src/3dof) by extensions ['colcon_pkg']
[0.869s] Level 1:colcon.colcon_core.package_identification:_identify(src/3dof) by extension 'colcon_pkg'
[0.869s] Level 1:colcon.colcon_core.package_identification:_identify(src/3dof) by extensions ['colcon_meta']
[0.870s] Level 1:colcon.colcon_core.package_identification:_identify(src/3dof) by extension 'colcon_meta'
[0.870s] Level 1:colcon.colcon_core.package_identification:_identify(src/3dof) by extensions ['ros']
[0.870s] Level 1:colcon.colcon_core.package_identification:_identify(src/3dof) by extension 'ros'
[0.876s] DEBUG:colcon.colcon_core.package_identification:Package 'src/3dof' with type 'ros.ament_python' and name '3dof'
[0.876s] Level 1:colcon.colcon_core.package_discovery:discover_packages(recursive) using defaults
[0.876s] Level 1:colcon.colcon_core.package_discovery:discover_packages(ignore) discover
[0.876s] Level 1:colcon.colcon_core.package_discovery:discover_packages(ignore) using defaults
[0.876s] Level 1:colcon.colcon_core.package_discovery:discover_packages(path) discover
[0.876s] Level 1:colcon.colcon_core.package_discovery:discover_packages(path) using defaults
[0.946s] Level 1:colcon.colcon_core.package_discovery:discover_packages(prefix_path) check parameters
[0.947s] Level 1:colcon.colcon_core.package_discovery:discover_packages(prefix_path) discover
[0.951s] Level 1:colcon.colcon_core.package_discovery:discover_packages(prefix_path) using defaults
[0.954s] Level 5:colcon.colcon_core.verb:set package '3dof' build argument 'cmake_args' from command line to 'None'
[0.954s] Level 5:colcon.colcon_core.verb:set package '3dof' build argument 'cmake_target' from command line to 'None'
[0.954s] Level 5:colcon.colcon_core.verb:set package '3dof' build argument 'cmake_target_skip_unavailable' from command line to 'False'
[0.954s] Level 5:colcon.colcon_core.verb:set package '3dof' build argument 'cmake_clean_cache' from command line to 'False'
[0.954s] Level 5:colcon.colcon_core.verb:set package '3dof' build argument 'cmake_clean_first' from command line to 'False'
[0.954s] Level 5:colcon.colcon_core.verb:set package '3dof' build argument 'cmake_force_configure' from command line to 'False'
[0.954s] Level 5:colcon.colcon_core.verb:set package '3dof' build argument 'ament_cmake_args' from command line to 'None'
[0.954s] Level 5:colcon.colcon_core.verb:set package '3dof' build argument 'catkin_cmake_args' from command line to 'None'
[0.954s] Level 5:colcon.colcon_core.verb:set package '3dof' build argument 'catkin_skip_building_tests' from command line to 'False'
[0.954s] DEBUG:colcon.colcon_core.verb:Building package '3dof' with the following arguments: {'ament_cmake_args': None, 'build_base': '/home/ubb/Downloads/ros2_ws_final/ros2_ws/build/3dof', 'catkin_cmake_args': None, 'catkin_skip_building_tests': False, 'cmake_args': None, 'cmake_clean_cache': False, 'cmake_clean_first': False, 'cmake_force_configure': False, 'cmake_target': None, 'cmake_target_skip_unavailable': False, 'install_base': '/home/ubb/Downloads/ros2_ws_final/ros2_ws/install/3dof', 'merge_install': False, 'path': '/home/ubb/Downloads/ros2_ws_final/ros2_ws/src/3dof', 'symlink_install': False, 'test_result_base': None}
[0.954s] INFO:colcon.colcon_core.executor:Executing jobs using 'parallel' executor
[0.956s] DEBUG:colcon.colcon_parallel_executor.executor.parallel:run_until_complete
[0.956s] INFO:colcon.colcon_ros.task.ament_python.build:Building ROS package in '/home/ubb/Downloads/ros2_ws_final/ros2_ws/src/3dof' with build type 'ament_python'
[0.956s] Level 1:colcon.colcon_core.shell:create_environment_hook('3dof', 'ament_prefix_path')
[0.965s] INFO:colcon.colcon_core.plugin_system:Skipping extension 'colcon_core.shell.bat': Not used on non-Windows systems
[0.965s] INFO:colcon.colcon_core.shell:Creating environment hook '/home/ubb/Downloads/ros2_ws_final/ros2_ws/install/3dof/share/3dof/hook/ament_prefix_path.ps1'
[0.967s] INFO:colcon.colcon_core.shell:Creating environment descriptor '/home/ubb/Downloads/ros2_ws_final/ros2_ws/install/3dof/share/3dof/hook/ament_prefix_path.dsv'
[0.975s] INFO:colcon.colcon_core.shell:Creating environment hook '/home/ubb/Downloads/ros2_ws_final/ros2_ws/install/3dof/share/3dof/hook/ament_prefix_path.sh'
[0.977s] INFO:colcon.colcon_core.shell:Skip shell extension 'powershell' for command environment: Not usable outside of PowerShell
[0.977s] DEBUG:colcon.colcon_core.shell:Skip shell extension 'dsv' for command environment
[1.421s] INFO:colcon.colcon_core.task.python.build:Building Python package in '/home/ubb/Downloads/ros2_ws_final/ros2_ws/src/3dof'
[1.422s] INFO:colcon.colcon_core.shell:Skip shell extension 'powershell' for command environment: Not usable outside of PowerShell
[1.422s] DEBUG:colcon.colcon_core.shell:Skip shell extension 'dsv' for command environment
[2.043s] DEBUG:colcon.colcon_core.event_handler.log_command:Invoking command in '/home/ubb/Downloads/ros2_ws_final/ros2_ws/src/3dof': PYTHONPATH=/home/ubb/Downloads/ros2_ws_final/ros2_ws/build/3dof/prefix_override:/usr/lib/python3/dist-packages/colcon_core/task/python/colcon_distutils_commands:/home/ubb/Downloads/ros2_ws_final/ros2_ws/install/3dof/lib/python3.10/site-packages: /usr/bin/python3 -W ignore:setup.py install is deprecated setup.py egg_info --egg-base ../../build/3dof build --build-base /home/ubb/Downloads/ros2_ws_final/ros2_ws/build/3dof/build install --record /home/ubb/Downloads/ros2_ws_final/ros2_ws/build/3dof/install.log --single-version-externally-managed install_data
[2.533s] DEBUG:colcon.colcon_core.event_handler.log_command:Invoked command in '/home/ubb/Downloads/ros2_ws_final/ros2_ws/src/3dof' returned '0': PYTHONPATH=/home/ubb/Downloads/ros2_ws_final/ros2_ws/build/3dof/prefix_override:/usr/lib/python3/dist-packages/colcon_core/task/python/colcon_distutils_commands:/home/ubb/Downloads/ros2_ws_final/ros2_ws/install/3dof/lib/python3.10/site-packages: /usr/bin/python3 -W ignore:setup.py install is deprecated setup.py egg_info --egg-base ../../build/3dof build --build-base /home/ubb/Downloads/ros2_ws_final/ros2_ws/build/3dof/build install --record /home/ubb/Downloads/ros2_ws_final/ros2_ws/build/3dof/install.log --single-version-externally-managed install_data
[2.545s] Level 1:colcon.colcon_core.environment:checking '/home/ubb/Downloads/ros2_ws_final/ros2_ws/install/3dof' for CMake module files
[2.546s] Level 1:colcon.colcon_core.environment:checking '/home/ubb/Downloads/ros2_ws_final/ros2_ws/install/3dof' for CMake config files
[2.547s] Level 1:colcon.colcon_core.environment:checking '/home/ubb/Downloads/ros2_ws_final/ros2_ws/install/3dof/lib'
[2.548s] Level 1:colcon.colcon_core.environment:checking '/home/ubb/Downloads/ros2_ws_final/ros2_ws/install/3dof/bin'
[2.548s] Level 1:colcon.colcon_core.environment:checking '/home/ubb/Downloads/ros2_ws_final/ros2_ws/install/3dof/lib/pkgconfig/3dof.pc'
[2.548s] Level 1:colcon.colcon_core.environment:checking '/home/ubb/Downloads/ros2_ws_final/ros2_ws/install/3dof/lib/python3.10/site-packages'
[2.548s] Level 1:colcon.colcon_core.shell:create_environment_hook('3dof', 'pythonpath')
[2.549s] INFO:colcon.colcon_core.shell:Creating environment hook '/home/ubb/Downloads/ros2_ws_final/ros2_ws/install/3dof/share/3dof/hook/pythonpath.ps1'
[2.549s] INFO:colcon.colcon_core.shell:Creating environment descriptor '/home/ubb/Downloads/ros2_ws_final/ros2_ws/install/3dof/share/3dof/hook/pythonpath.dsv'
[2.550s] INFO:colcon.colcon_core.shell:Creating environment hook '/home/ubb/Downloads/ros2_ws_final/ros2_ws/install/3dof/share/3dof/hook/pythonpath.sh'
[2.551s] Level 1:colcon.colcon_core.environment:checking '/home/ubb/Downloads/ros2_ws_final/ros2_ws/install/3dof/bin'
[2.551s] Level 1:colcon.colcon_core.environment:create_environment_scripts_only(3dof)
[2.552s] INFO:colcon.colcon_core.shell:Creating package script '/home/ubb/Downloads/ros2_ws_final/ros2_ws/install/3dof/share/3dof/package.ps1'
[2.553s] INFO:colcon.colcon_core.shell:Creating package descriptor '/home/ubb/Downloads/ros2_ws_final/ros2_ws/install/3dof/share/3dof/package.dsv'
[2.555s] INFO:colcon.colcon_core.shell:Creating package script '/home/ubb/Downloads/ros2_ws_final/ros2_ws/install/3dof/share/3dof/package.sh'
[2.556s] INFO:colcon.colcon_core.shell:Creating package script '/home/ubb/Downloads/ros2_ws_final/ros2_ws/install/3dof/share/3dof/package.bash'
[2.558s] INFO:colcon.colcon_core.shell:Creating package script '/home/ubb/Downloads/ros2_ws_final/ros2_ws/install/3dof/share/3dof/package.zsh'
[2.560s] Level 1:colcon.colcon_core.environment:create_file_with_runtime_dependencies(/home/ubb/Downloads/ros2_ws_final/ros2_ws/install/3dof/share/colcon-core/packages/3dof)
[2.561s] DEBUG:colcon.colcon_parallel_executor.executor.parallel:closing loop
[2.561s] DEBUG:colcon.colcon_parallel_executor.executor.parallel:loop closed
[2.561s] DEBUG:colcon.colcon_parallel_executor.executor.parallel:run_until_complete finished with '0'
[2.561s] DEBUG:colcon.colcon_core.event_reactor:joining thread
[2.570s] INFO:colcon.colcon_core.plugin_system:Skipping extension 'colcon_notification.desktop_notification.terminal_notifier': Not used on non-Darwin systems
[2.574s] INFO:colcon.colcon_core.plugin_system:Skipping extension 'colcon_notification.desktop_notification.win32': Not used on non-Windows systems
[2.574s] INFO:colcon.colcon_notification.desktop_notification:Sending desktop notification using 'notify2'
[2.625s] DEBUG:colcon.colcon_core.event_reactor:joined thread
[2.625s] INFO:colcon.colcon_core.shell:Creating prefix script '/home/ubb/Downloads/ros2_ws_final/ros2_ws/install/local_setup.ps1'
[2.628s] INFO:colcon.colcon_core.shell:Creating prefix util module '/home/ubb/Downloads/ros2_ws_final/ros2_ws/install/_local_setup_util_ps1.py'
[2.633s] INFO:colcon.colcon_core.shell:Creating prefix chain script '/home/ubb/Downloads/ros2_ws_final/ros2_ws/install/setup.ps1'
[2.641s] INFO:colcon.colcon_core.shell:Creating prefix script '/home/ubb/Downloads/ros2_ws_final/ros2_ws/install/local_setup.sh'
[2.642s] INFO:colcon.colcon_core.shell:Creating prefix util module '/home/ubb/Downloads/ros2_ws_final/ros2_ws/install/_local_setup_util_sh.py'
[2.643s] INFO:colcon.colcon_core.shell:Creating prefix chain script '/home/ubb/Downloads/ros2_ws_final/ros2_ws/install/setup.sh'
[2.648s] INFO:colcon.colcon_core.shell:Creating prefix script '/home/ubb/Downloads/ros2_ws_final/ros2_ws/install/local_setup.bash'
[2.649s] INFO:colcon.colcon_core.shell:Creating prefix chain script '/home/ubb/Downloads/ros2_ws_final/ros2_ws/install/setup.bash'
[2.652s] INFO:colcon.colcon_core.shell:Creating prefix script '/home/ubb/Downloads/ros2_ws_final/ros2_ws/install/local_setup.zsh'
[2.656s] INFO:colcon.colcon_core.shell:Creating prefix chain script '/home/ubb/Downloads/ros2_ws_final/ros2_ws/install/setup.zsh'
