[0.690s] Invoking command in '/home/edu/Documentos/universidad/ros/ros2_ws/src/3dof': PYTHONPATH=/home/edu/Documentos/universidad/ros/ros2_ws/build/3dof/prefix_override:/usr/lib/python3/dist-packages/colcon_core/task/python/colcon_distutils_commands:/home/edu/Documentos/universidad/ros/ros2_ws/install/3dof/lib/python3.10/site-packages:${PYTHONPATH} /usr/bin/python3 -W ignore:setup.py install is deprecated setup.py egg_info --egg-base ../../build/3dof build --build-base /home/edu/Documentos/universidad/ros/ros2_ws/build/3dof/build install --record /home/edu/Documentos/universidad/ros/ros2_ws/build/3dof/install.log --single-version-externally-managed install_data
[0.960s] running egg_info
[0.961s] writing ../../build/3dof/3dof.egg-info/PKG-INFO
[0.961s] writing dependency_links to ../../build/3dof/3dof.egg-info/dependency_links.txt
[0.961s] writing entry points to ../../build/3dof/3dof.egg-info/entry_points.txt
[0.961s] writing requirements to ../../build/3dof/3dof.egg-info/requires.txt
[0.962s] writing top-level names to ../../build/3dof/3dof.egg-info/top_level.txt
[0.963s] reading manifest file '../../build/3dof/3dof.egg-info/SOURCES.txt'
[0.966s] writing manifest file '../../build/3dof/3dof.egg-info/SOURCES.txt'
[0.966s] running build
[0.966s] running build_py
[0.967s] running install
[0.968s] running install_lib
[0.969s] running install_data
[0.970s] copying launch/visualization.launch.py -> /home/edu/Documentos/universidad/ros/ros2_ws/install/3dof/share/3dof/launch/
[0.970s] running install_egg_info
[0.972s] removing '/home/edu/Documentos/universidad/ros/ros2_ws/install/3dof/lib/python3.10/site-packages/3dof-0.0.0-py3.10.egg-info' (and everything under it)
[0.973s] Copying ../../build/3dof/3dof.egg-info to /home/edu/Documentos/universidad/ros/ros2_ws/install/3dof/lib/python3.10/site-packages/3dof-0.0.0-py3.10.egg-info
[0.974s] running install_scripts
[0.992s] Installing operacion script to /home/edu/Documentos/universidad/ros/ros2_ws/install/3dof/lib/3dof
[0.992s] writing list of installed files to '/home/edu/Documentos/universidad/ros/ros2_ws/build/3dof/install.log'
[1.023s] Invoked command in '/home/edu/Documentos/universidad/ros/ros2_ws/src/3dof' returned '0': PYTHONPATH=/home/edu/Documentos/universidad/ros/ros2_ws/build/3dof/prefix_override:/usr/lib/python3/dist-packages/colcon_core/task/python/colcon_distutils_commands:/home/edu/Documentos/universidad/ros/ros2_ws/install/3dof/lib/python3.10/site-packages:${PYTHONPATH} /usr/bin/python3 -W ignore:setup.py install is deprecated setup.py egg_info --egg-base ../../build/3dof build --build-base /home/edu/Documentos/universidad/ros/ros2_ws/build/3dof/build install --record /home/edu/Documentos/universidad/ros/ros2_ws/build/3dof/install.log --single-version-externally-managed install_data
