running egg_info
writing ../../build/3dof/3dof.egg-info/PKG-INFO
writing dependency_links to ../../build/3dof/3dof.egg-info/dependency_links.txt
writing entry points to ../../build/3dof/3dof.egg-info/entry_points.txt
writing requirements to ../../build/3dof/3dof.egg-info/requires.txt
writing top-level names to ../../build/3dof/3dof.egg-info/top_level.txt
reading manifest file '../../build/3dof/3dof.egg-info/SOURCES.txt'
writing manifest file '../../build/3dof/3dof.egg-info/SOURCES.txt'
running build
running build_py
running install
running install_lib
running install_data
copying package.xml -> /home/ubb/Downloads/ros2_ws_final/ros2_ws/install/3dof/share/3dof
copying launch/gazebo.launch.py -> /home/ubb/Downloads/ros2_ws_final/ros2_ws/install/3dof/share/3dof/launch/
copying launch/visualization.launch.py -> /home/ubb/Downloads/ros2_ws_final/ros2_ws/install/3dof/share/3dof/launch/
running install_egg_info
removing '/home/ubb/Downloads/ros2_ws_final/ros2_ws/install/3dof/lib/python3.10/site-packages/3dof-0.0.0-py3.10.egg-info' (and everything under it)
Copying ../../build/3dof/3dof.egg-info to /home/ubb/Downloads/ros2_ws_final/ros2_ws/install/3dof/lib/python3.10/site-packages/3dof-0.0.0-py3.10.egg-info
running install_scripts
Installing operacion script to /home/ubb/Downloads/ros2_ws_final/ros2_ws/install/3dof/lib/3dof
writing list of installed files to '/home/ubb/Downloads/ros2_ws_final/ros2_ws/build/3dof/install.log'
