[0.608s] Invoking command in '/home/edu/Documentos/universidad/ros/ros2_ws/src/3dof': PYTHONPATH=/home/edu/Documentos/universidad/ros/ros2_ws/build/3dof/prefix_override:/usr/lib/python3/dist-packages/colcon_core/task/python/colcon_distutils_commands:/home/edu/Documentos/universidad/ros/ros2_ws/install/3dof/lib/python3.10/site-packages:${PYTHONPATH} /usr/bin/python3 -W ignore:setup.py install is deprecated setup.py egg_info --egg-base ../../build/3dof build --build-base /home/edu/Documentos/universidad/ros/ros2_ws/build/3dof/build install --record /home/edu/Documentos/universidad/ros/ros2_ws/build/3dof/install.log --single-version-externally-managed install_data
[0.858s] running egg_info
[0.858s] creating ../../build/3dof/3dof.egg-info
[0.859s] writing ../../build/3dof/3dof.egg-info/PKG-INFO
[0.859s] writing dependency_links to ../../build/3dof/3dof.egg-info/dependency_links.txt
[0.859s] writing entry points to ../../build/3dof/3dof.egg-info/entry_points.txt
[0.859s] writing requirements to ../../build/3dof/3dof.egg-info/requires.txt
[0.859s] writing top-level names to ../../build/3dof/3dof.egg-info/top_level.txt
[0.859s] writing manifest file '../../build/3dof/3dof.egg-info/SOURCES.txt'
[0.861s] reading manifest file '../../build/3dof/3dof.egg-info/SOURCES.txt'
[0.861s] writing manifest file '../../build/3dof/3dof.egg-info/SOURCES.txt'
[0.862s] running build
[0.862s] running build_py
[0.862s] creating /home/edu/Documentos/universidad/ros/ros2_ws/build/3dof/build
[0.862s] creating /home/edu/Documentos/universidad/ros/ros2_ws/build/3dof/build/lib
[0.862s] creating /home/edu/Documentos/universidad/ros/ros2_ws/build/3dof/build/lib/3dof
[0.862s] copying 3dof/__init__.py -> /home/edu/Documentos/universidad/ros/ros2_ws/build/3dof/build/lib/3dof
[0.862s] running install
[0.863s] running install_lib
[0.863s] creating /home/edu/Documentos/universidad/ros/ros2_ws/install/3dof/lib/python3.10/site-packages/3dof
[0.863s] copying /home/edu/Documentos/universidad/ros/ros2_ws/build/3dof/build/lib/3dof/__init__.py -> /home/edu/Documentos/universidad/ros/ros2_ws/install/3dof/lib/python3.10/site-packages/3dof
[0.863s] byte-compiling /home/edu/Documentos/universidad/ros/ros2_ws/install/3dof/lib/python3.10/site-packages/3dof/__init__.py to __init__.cpython-310.pyc
[0.864s] running install_data
[0.864s] creating /home/edu/Documentos/universidad/ros/ros2_ws/install/3dof/share/ament_index
[0.864s] creating /home/edu/Documentos/universidad/ros/ros2_ws/install/3dof/share/ament_index/resource_index
[0.864s] creating /home/edu/Documentos/universidad/ros/ros2_ws/install/3dof/share/ament_index/resource_index/packages
[0.864s] copying resource/3dof -> /home/edu/Documentos/universidad/ros/ros2_ws/install/3dof/share/ament_index/resource_index/packages
[0.864s] copying package.xml -> /home/edu/Documentos/universidad/ros/ros2_ws/install/3dof/share/3dof
[0.865s] creating /home/edu/Documentos/universidad/ros/ros2_ws/install/3dof/share/3dof/launch
[0.865s] copying launch/visualization.launch.py -> /home/edu/Documentos/universidad/ros/ros2_ws/install/3dof/share/3dof/launch/
[0.865s] copying launch/gazebo.launch.py -> /home/edu/Documentos/universidad/ros/ros2_ws/install/3dof/share/3dof/launch/
[0.865s] running install_egg_info
[0.866s] Copying ../../build/3dof/3dof.egg-info to /home/edu/Documentos/universidad/ros/ros2_ws/install/3dof/lib/python3.10/site-packages/3dof-0.0.0-py3.10.egg-info
[0.867s] running install_scripts
[0.885s] writing list of installed files to '/home/edu/Documentos/universidad/ros/ros2_ws/build/3dof/install.log'
[0.906s] Invoked command in '/home/edu/Documentos/universidad/ros/ros2_ws/src/3dof' returned '0': PYTHONPATH=/home/edu/Documentos/universidad/ros/ros2_ws/build/3dof/prefix_override:/usr/lib/python3/dist-packages/colcon_core/task/python/colcon_distutils_commands:/home/edu/Documentos/universidad/ros/ros2_ws/install/3dof/lib/python3.10/site-packages:${PYTHONPATH} /usr/bin/python3 -W ignore:setup.py install is deprecated setup.py egg_info --egg-base ../../build/3dof build --build-base /home/edu/Documentos/universidad/ros/ros2_ws/build/3dof/build install --record /home/edu/Documentos/universidad/ros/ros2_ws/build/3dof/install.log --single-version-externally-managed install_data
