[0.758s] Invoking command in '/home/edu/Documentos/universidad/ros/ros2_ws/src/3dof': PYTHONPATH=/home/edu/Documentos/universidad/ros/ros2_ws/build/3dof/prefix_override:/usr/lib/python3/dist-packages/colcon_core/task/python/colcon_distutils_commands:/home/edu/Documentos/universidad/ros/ros2_ws/install/3dof/lib/python3.10/site-packages:${PYTHONPATH} /usr/bin/python3 -W ignore:setup.py install is deprecated setup.py egg_info --egg-base ../../build/3dof build --build-base /home/edu/Documentos/universidad/ros/ros2_ws/build/3dof/build install --record /home/edu/Documentos/universidad/ros/ros2_ws/build/3dof/install.log --single-version-externally-managed install_data
[1.043s] running egg_info
[1.043s] writing ../../build/3dof/3dof.egg-info/PKG-INFO
[1.044s] writing dependency_links to ../../build/3dof/3dof.egg-info/dependency_links.txt
[1.044s] writing entry points to ../../build/3dof/3dof.egg-info/entry_points.txt
[1.044s] writing requirements to ../../build/3dof/3dof.egg-info/requires.txt
[1.044s] writing top-level names to ../../build/3dof/3dof.egg-info/top_level.txt
[1.046s] reading manifest file '../../build/3dof/3dof.egg-info/SOURCES.txt'
[1.049s] writing manifest file '../../build/3dof/3dof.egg-info/SOURCES.txt'
[1.049s] running build
[1.049s] running build_py
[1.050s] running install
[1.050s] running install_lib
[1.051s] running install_data
[1.051s] running install_egg_info
[1.054s] removing '/home/edu/Documentos/universidad/ros/ros2_ws/install/3dof/lib/python3.10/site-packages/3dof-0.0.0-py3.10.egg-info' (and everything under it)
[1.054s] Copying ../../build/3dof/3dof.egg-info to /home/edu/Documentos/universidad/ros/ros2_ws/install/3dof/lib/python3.10/site-packages/3dof-0.0.0-py3.10.egg-info
[1.055s] running install_scripts
[1.078s] writing list of installed files to '/home/edu/Documentos/universidad/ros/ros2_ws/build/3dof/install.log'
[1.109s] Invoked command in '/home/edu/Documentos/universidad/ros/ros2_ws/src/3dof' returned '0': PYTHONPATH=/home/edu/Documentos/universidad/ros/ros2_ws/build/3dof/prefix_override:/usr/lib/python3/dist-packages/colcon_core/task/python/colcon_distutils_commands:/home/edu/Documentos/universidad/ros/ros2_ws/install/3dof/lib/python3.10/site-packages:${PYTHONPATH} /usr/bin/python3 -W ignore:setup.py install is deprecated setup.py egg_info --egg-base ../../build/3dof build --build-base /home/edu/Documentos/universidad/ros/ros2_ws/build/3dof/build install --record /home/edu/Documentos/universidad/ros/ros2_ws/build/3dof/install.log --single-version-externally-managed install_data
