[0.715s] Invoking command in '/home/edu/Documentos/universidad/ros/ros2_ws/src/3dof': PYTHONPATH=/home/edu/Documentos/universidad/ros/ros2_ws/build/3dof/prefix_override:/usr/lib/python3/dist-packages/colcon_core/task/python/colcon_distutils_commands:/home/edu/Documentos/universidad/ros/ros2_ws/install/3dof/lib/python3.10/site-packages:${PYTHONPATH} /usr/bin/python3 -W ignore:setup.py install is deprecated setup.py egg_info --egg-base ../../build/3dof build --build-base /home/edu/Documentos/universidad/ros/ros2_ws/build/3dof/build install --record /home/edu/Documentos/universidad/ros/ros2_ws/build/3dof/install.log --single-version-externally-managed install_data
[0.996s] running egg_info
[0.996s] writing ../../build/3dof/3dof.egg-info/PKG-INFO
[0.997s] writing dependency_links to ../../build/3dof/3dof.egg-info/dependency_links.txt
[0.997s] writing entry points to ../../build/3dof/3dof.egg-info/entry_points.txt
[0.997s] writing requirements to ../../build/3dof/3dof.egg-info/requires.txt
[0.997s] writing top-level names to ../../build/3dof/3dof.egg-info/top_level.txt
[0.999s] reading manifest file '../../build/3dof/3dof.egg-info/SOURCES.txt'
[1.002s] writing manifest file '../../build/3dof/3dof.egg-info/SOURCES.txt'
[1.002s] running build
[1.002s] running build_py
[1.002s] copying 3dof/ros2_control_node.py -> /home/edu/Documentos/universidad/ros/ros2_ws/build/3dof/build/lib/3dof
[1.003s] running install
[1.003s] running install_lib
[1.004s] copying /home/edu/Documentos/universidad/ros/ros2_ws/build/3dof/build/lib/3dof/ros2_control_node.py -> /home/edu/Documentos/universidad/ros/ros2_ws/install/3dof/lib/python3.10/site-packages/3dof
[1.004s] byte-compiling /home/edu/Documentos/universidad/ros/ros2_ws/install/3dof/lib/python3.10/site-packages/3dof/ros2_control_node.py to ros2_control_node.cpython-310.pyc
[1.005s] running install_data
[1.005s] copying launch/gazebo.launch.py -> /home/edu/Documentos/universidad/ros/ros2_ws/install/3dof/share/3dof/launch/
[1.006s] running install_egg_info
[1.008s] removing '/home/edu/Documentos/universidad/ros/ros2_ws/install/3dof/lib/python3.10/site-packages/3dof-0.0.0-py3.10.egg-info' (and everything under it)
[1.009s] Copying ../../build/3dof/3dof.egg-info to /home/edu/Documentos/universidad/ros/ros2_ws/install/3dof/lib/python3.10/site-packages/3dof-0.0.0-py3.10.egg-info
[1.010s] running install_scripts
[1.031s] writing list of installed files to '/home/edu/Documentos/universidad/ros/ros2_ws/build/3dof/install.log'
[1.059s] Invoked command in '/home/edu/Documentos/universidad/ros/ros2_ws/src/3dof' returned '0': PYTHONPATH=/home/edu/Documentos/universidad/ros/ros2_ws/build/3dof/prefix_override:/usr/lib/python3/dist-packages/colcon_core/task/python/colcon_distutils_commands:/home/edu/Documentos/universidad/ros/ros2_ws/install/3dof/lib/python3.10/site-packages:${PYTHONPATH} /usr/bin/python3 -W ignore:setup.py install is deprecated setup.py egg_info --egg-base ../../build/3dof build --build-base /home/edu/Documentos/universidad/ros/ros2_ws/build/3dof/build install --record /home/edu/Documentos/universidad/ros/ros2_ws/build/3dof/install.log --single-version-externally-managed install_data
